=======================================================
Running metaheuristics on 20_20_2.txt
=======================================================

Starting program...
Loading problem from file: data/20_20_2.txt
Problem size: 20 jobs, 20 machines
--------------------------------------------------------------------------------
                   Method |   Makespan |            Time | 
--------------------------------------------------------------------------------
Running Constructive...

================================================================================
Metaheuristic: Constructive
================================================================================
Makespan: 2218
Execution Time: 12.19 ms
Best Schedule:
  [17, 2, 19, 10, 0, 15, 9, 12, 3, 5, 7, 8, 16, 6, 11, 18, 13, 1, 14, 4]
--------------------------------------------------------------------------------
Running Local Search...

================================================================================
Metaheuristic: Local Search
================================================================================
Makespan: 2136
Execution Time: 51.15 ms
Best Schedule:
  [17, 3, 2, 10, 9, 19, 11, 4, 18, 12, 16, 7, 13, 14, 5, 15, 0, 8, 6, 1]
--------------------------------------------------------------------------------
Running Iterated Local Search...

================================================================================
Metaheuristic: Iterated Local Search
================================================================================
Makespan: 2131
Execution Time: 1.062 s
Best Schedule:
  [2, 9, 10, 4, 12, 3, 0, 15, 19, 18, 7, 13, 14, 5, 11, 6, 8, 17, 16, 1]
--------------------------------------------------------------------------------
Running Simulated Annealing...

================================================================================
Metaheuristic: Simulated Annealing
================================================================================
Makespan: 2166
Execution Time: 20.20 ms
Best Schedule:
  [17, 10, 5, 2, 9, 13, 14, 3, 0, 6, 11, 19, 15, 7, 18, 12, 4, 16, 8, 1]
--------------------------------------------------------------------------------
Running Tabu Search...

================================================================================
Metaheuristic: Tabu Search
================================================================================
Makespan: 2144
Execution Time: 2.869 s
Best Schedule:
  [17, 10, 5, 11, 13, 14, 7, 12, 3, 0, 16, 15, 18, 2, 9, 19, 4, 8, 6, 1]
--------------------------------------------------------------------------------
Running Genetic Algorithm...

================================================================================
Metaheuristic: Genetic Algorithm
================================================================================
Makespan: 2483
Execution Time: 207.50 ms
Best Schedule:
  [11, 10, 12, 6, 3, 0, 4, 5, 19, 18, 2, 8, 15, 14, 1, 16, 13, 7, 17, 9]
--------------------------------------------------------------------------------
Running Ant Colony Optimization...

================================================================================
Metaheuristic: Ant Colony Optimization
================================================================================
Makespan: 2304
Execution Time: 258.12 ms
Best Schedule:
  [2, 9, 3, 5, 6, 15, 13, 0, 10, 19, 11, 17, 14, 1, 16, 18, 12, 4, 7, 8]
--------------------------------------------------------------------------------
--------------------------------------------------------------------------------
Best overall solution: Iterated Local Search with makespan 2131
Program completed successfully.

=======================================================
Total execution time:  seconds
=======================================================
