=======================================================
Running metaheuristics on 20_20_1.txt
=======================================================

Starting program...
Loading problem from file: data/20_20_1.txt
Problem size: 20 jobs, 20 machines
--------------------------------------------------------------------------------
                   Method |   Makespan |            Time | 
--------------------------------------------------------------------------------
Running Constructive...

================================================================================
Metaheuristic: Constructive
================================================================================
Makespan: 2465
Execution Time: 13.96 ms
Best Schedule:
  [15, 7, 2, 6, 8, 16, 5, 19, 17, 10, 4, 9, 13, 1, 12, 3, 11, 14, 0, 18]
--------------------------------------------------------------------------------
Running Local Search...

================================================================================
Metaheuristic: Local Search
================================================================================
Makespan: 2374
Execution Time: 46.03 ms
Best Schedule:
  [15, 7, 6, 10, 12, 14, 0, 9, 8, 1, 5, 19, 4, 2, 13, 16, 11, 17, 18, 3]
--------------------------------------------------------------------------------
Running Iterated Local Search...

================================================================================
Metaheuristic: Iterated Local Search
================================================================================
Makespan: 2316
Execution Time: 980.47 ms
Best Schedule:
  [15, 7, 6, 5, 11, 12, 17, 14, 8, 19, 13, 16, 9, 10, 4, 0, 1, 3, 2, 18]
--------------------------------------------------------------------------------
Running Simulated Annealing...

================================================================================
Metaheuristic: Simulated Annealing
================================================================================
Makespan: 2400
Execution Time: 15.59 ms
Best Schedule:
  [15, 19, 17, 0, 11, 8, 9, 13, 12, 7, 10, 16, 4, 6, 14, 1, 5, 3, 2, 18]
--------------------------------------------------------------------------------
Running Tabu Search...

================================================================================
Metaheuristic: Tabu Search
================================================================================
Makespan: 2446
Execution Time: 2.563 s
Best Schedule:
  [17, 9, 15, 2, 10, 12, 6, 5, 8, 13, 11, 19, 0, 4, 14, 16, 18, 1, 3, 7]
--------------------------------------------------------------------------------
Running Genetic Algorithm...

================================================================================
Metaheuristic: Genetic Algorithm
================================================================================
Makespan: 2643
Execution Time: 212.45 ms
Best Schedule:
  [7, 13, 15, 9, 19, 17, 18, 8, 14, 2, 10, 1, 6, 0, 12, 3, 16, 5, 11, 4]
--------------------------------------------------------------------------------
Running Ant Colony Optimization...

================================================================================
Metaheuristic: Ant Colony Optimization
================================================================================
Makespan: 2473
Execution Time: 234.02 ms
Best Schedule:
  [7, 8, 11, 10, 12, 1, 15, 19, 13, 14, 9, 5, 6, 16, 0, 17, 3, 4, 2, 18]
--------------------------------------------------------------------------------
--------------------------------------------------------------------------------
Best overall solution: Iterated Local Search with makespan 2316
Program completed successfully.

=======================================================
Total execution time:  seconds
=======================================================
