=======================================================
Running metaheuristics on 20_5_2.txt
=======================================================

Starting program...
Loading problem from file: data/20_5_2.txt
Problem size: 20 jobs, 5 machines
--------------------------------------------------------------------------------
                   Method |   Makespan |            Time | 
--------------------------------------------------------------------------------
Running Constructive...

================================================================================
Metaheuristic: Constructive
================================================================================
Makespan: 1371
Execution Time: 3.69 ms
Best Schedule:
  [5, 19, 11, 13, 2, 18, 9, 0, 17, 16, 8, 3, 6, 14, 1, 15, 10, 12, 4, 7]
--------------------------------------------------------------------------------
Running Local Search...

================================================================================
Metaheuristic: Local Search
================================================================================
Makespan: 1383
Execution Time: 8.62 ms
Best Schedule:
  [14, 2, 8, 5, 0, 12, 3, 11, 17, 7, 19, 10, 15, 18, 9, 1, 6, 16, 13, 4]
--------------------------------------------------------------------------------
Running Iterated Local Search...

================================================================================
Metaheuristic: Iterated Local Search
================================================================================
Makespan: 1360
Execution Time: 204.54 ms
Best Schedule:
  [5, 18, 9, 6, 14, 11, 16, 19, 8, 12, 17, 4, 0, 13, 2, 10, 3, 7, 15, 1]
--------------------------------------------------------------------------------
Running Simulated Annealing...

================================================================================
Metaheuristic: Simulated Annealing
================================================================================
Makespan: 1368
Execution Time: 3.40 ms
Best Schedule:
  [5, 19, 6, 14, 2, 7, 17, 11, 8, 0, 18, 16, 4, 10, 13, 3, 1, 12, 9, 15]
--------------------------------------------------------------------------------
Running Tabu Search...

================================================================================
Metaheuristic: Tabu Search
================================================================================
Makespan: 1383
Execution Time: 768.71 ms
Best Schedule:
  [14, 2, 18, 17, 19, 11, 9, 5, 1, 13, 15, 0, 6, 4, 16, 12, 10, 7, 8, 3]
--------------------------------------------------------------------------------
Running Genetic Algorithm...

================================================================================
Metaheuristic: Genetic Algorithm
================================================================================
Makespan: 1495
Execution Time: 119.53 ms
Best Schedule:
  [9, 8, 14, 2, 6, 0, 7, 17, 13, 11, 3, 18, 10, 4, 1, 15, 12, 19, 16, 5]
--------------------------------------------------------------------------------
Running Ant Colony Optimization...

================================================================================
Metaheuristic: Ant Colony Optimization
================================================================================
Makespan: 1391
Execution Time: 134.65 ms
Best Schedule:
  [2, 16, 5, 18, 14, 15, 19, 3, 7, 11, 8, 6, 4, 10, 0, 12, 1, 17, 9, 13]
--------------------------------------------------------------------------------
--------------------------------------------------------------------------------
Best overall solution: Iterated Local Search with makespan 1360
Program completed successfully.

=======================================================
Total execution time:  seconds
=======================================================
