=======================================================
Running metaheuristics on 20_5_1.txt
=======================================================

Starting program...
Loading problem from file: data/20_5_1.txt
Problem size: 20 jobs, 5 machines
--------------------------------------------------------------------------------
                   Method |   Makespan |            Time | 
--------------------------------------------------------------------------------
Running Constructive...

================================================================================
Metaheuristic: Constructive
================================================================================
Makespan: 1343
Execution Time: 4.10 ms
Best Schedule:
  [16, 8, 7, 14, 13, 10, 15, 5, 17, 9, 4, 3, 1, 6, 2, 19, 0, 18, 12, 11]
--------------------------------------------------------------------------------
Running Local Search...

================================================================================
Metaheuristic: Local Search
================================================================================
Makespan: 1301
Execution Time: 10.16 ms
Best Schedule:
  [7, 14, 18, 5, 15, 6, 13, 10, 2, 3, 4, 17, 11, 0, 8, 16, 9, 1, 12, 19]
--------------------------------------------------------------------------------
Running Iterated Local Search...

================================================================================
Metaheuristic: Iterated Local Search
================================================================================
Makespan: 1297
Execution Time: 202.69 ms
Best Schedule:
  [8, 7, 10, 14, 5, 3, 4, 6, 18, 17, 11, 16, 2, 12, 15, 13, 0, 1, 9, 19]
--------------------------------------------------------------------------------
Running Simulated Annealing...

================================================================================
Metaheuristic: Simulated Annealing
================================================================================
Makespan: 1297
Execution Time: 3.68 ms
Best Schedule:
  [2, 7, 8, 0, 10, 12, 5, 4, 15, 14, 3, 1, 6, 18, 13, 16, 9, 17, 11, 19]
--------------------------------------------------------------------------------
Running Tabu Search...

================================================================================
Metaheuristic: Tabu Search
================================================================================
Makespan: 1297
Execution Time: 807.43 ms
Best Schedule:
  [8, 16, 14, 4, 2, 13, 5, 7, 0, 1, 6, 10, 18, 12, 17, 11, 3, 15, 9, 19]
--------------------------------------------------------------------------------
Running Genetic Algorithm...

================================================================================
Metaheuristic: Genetic Algorithm
================================================================================
Makespan: 1607
Execution Time: 162.45 ms
Best Schedule:
  [15, 5, 4, 19, 3, 17, 11, 7, 9, 6, 10, 0, 12, 14, 13, 2, 1, 16, 8, 18]
--------------------------------------------------------------------------------
Running Ant Colony Optimization...

================================================================================
Metaheuristic: Ant Colony Optimization
================================================================================
Makespan: 1360
Execution Time: 141.91 ms
Best Schedule:
  [14, 7, 12, 8, 16, 4, 17, 3, 10, 6, 5, 0, 19, 18, 11, 13, 2, 1, 15, 9]
--------------------------------------------------------------------------------
--------------------------------------------------------------------------------
Best overall solution: Iterated Local Search with makespan 1297
Program completed successfully.

=======================================================
Total execution time:  seconds
=======================================================
