=======================================================
Running metaheuristics on 50_10_1.txt
=======================================================

Starting program...
Loading problem from file: data/50_10_1.txt
Problem size: 50 jobs, 10 machines
--------------------------------------------------------------------------------
                   Method |   Makespan |            Time | 
--------------------------------------------------------------------------------
Running Constructive...

================================================================================
Metaheuristic: Constructive
================================================================================
Makespan: 3287
Execution Time: 79.16 ms
Best Schedule:
  [19, 43, 29, 24, 28, 41, 17, 36, 13, 11, 7, 35, 30, 5, 9, 42, 33, 27, 48, 46, 12, 21, 3, 32, 1, 20, 15, 18, 44, 37, 39, 14, 34, 40, 49, 16, 22, 8, 47, 4, 38, 25, 10, 26, 0, 31, 2, 23, 6, 45]
--------------------------------------------------------------------------------
Running Local Search...

================================================================================
Metaheuristic: Local Search
================================================================================
Makespan: 3150
Execution Time: 480.07 ms
Best Schedule:
  [17, 28, 5, 2, 37, 30, 14, 18, 21, 1, 3, 20, 26, 40, 32, 22, 10, 45, 49, 31, 47, 43, 12, 35, 36, 13, 46, 11, 48, 9, 19, 7, 42, 27, 44, 39, 41, 38, 29, 16, 6, 25, 8, 15, 34, 23, 33, 4, 0, 24]
--------------------------------------------------------------------------------
Running Iterated Local Search...

================================================================================
Metaheuristic: Iterated Local Search
================================================================================
Makespan: 3061
Execution Time: 7.551 s
Best Schedule:
  [21, 41, 35, 43, 30, 24, 14, 48, 42, 32, 31, 37, 45, 33, 13, 11, 36, 28, 1, 2, 27, 18, 22, 17, 25, 15, 19, 34, 9, 3, 29, 5, 16, 10, 49, 12, 40, 8, 26, 4, 39, 47, 46, 20, 7, 0, 6, 23, 44, 38]
--------------------------------------------------------------------------------
Running Simulated Annealing...

================================================================================
Metaheuristic: Simulated Annealing
================================================================================
Makespan: 3199
Execution Time: 28.83 ms
Best Schedule:
  [19, 21, 28, 41, 2, 35, 32, 29, 1, 6, 5, 18, 9, 47, 10, 3, 4, 42, 16, 34, 48, 17, 31, 46, 12, 39, 37, 40, 14, 20, 27, 15, 43, 13, 22, 33, 11, 23, 8, 30, 36, 44, 45, 26, 49, 25, 7, 24, 0, 38]
--------------------------------------------------------------------------------
Running Tabu Search...

================================================================================
Metaheuristic: Tabu Search
================================================================================
Makespan: 3145
Execution Time: 15.113 s
Best Schedule:
  [35, 48, 32, 42, 40, 2, 37, 28, 39, 0, 13, 14, 5, 30, 9, 43, 12, 17, 31, 36, 33, 49, 45, 24, 44, 25, 19, 11, 41, 46, 1, 21, 47, 6, 27, 22, 23, 8, 15, 18, 3, 16, 26, 7, 4, 10, 20, 34, 29, 38]
--------------------------------------------------------------------------------
Running Genetic Algorithm...

================================================================================
Metaheuristic: Genetic Algorithm
================================================================================
Makespan: 3742
Execution Time: 461.87 ms
Best Schedule:
  [29, 31, 13, 41, 19, 16, 25, 34, 43, 39, 26, 48, 46, 33, 30, 35, 23, 2, 28, 1, 21, 7, 24, 17, 10, 49, 9, 0, 15, 38, 45, 6, 36, 8, 22, 11, 12, 37, 5, 18, 14, 44, 40, 27, 42, 4, 20, 3, 32, 47]
--------------------------------------------------------------------------------
Running Ant Colony Optimization...

================================================================================
Metaheuristic: Ant Colony Optimization
================================================================================
Makespan: 3482
Execution Time: 852.75 ms
Best Schedule:
  [21, 31, 48, 6, 7, 20, 25, 0, 47, 33, 19, 34, 32, 17, 43, 41, 24, 40, 13, 5, 11, 18, 30, 1, 46, 9, 12, 42, 28, 35, 37, 2, 10, 16, 4, 14, 8, 22, 39, 44, 45, 49, 15, 3, 26, 36, 38, 29, 23, 27]
--------------------------------------------------------------------------------
--------------------------------------------------------------------------------
Best overall solution: Iterated Local Search with makespan 3061
Program completed successfully.

=======================================================
Total execution time:  seconds
=======================================================
