=======================================================
Running metaheuristics on 50_10_2.txt
=======================================================

Starting program...
Loading problem from file: data/50_10_2.txt
Problem size: 50 jobs, 10 machines
--------------------------------------------------------------------------------
                   Method |   Makespan |            Time | 
--------------------------------------------------------------------------------
Running Constructive...

================================================================================
Metaheuristic: Constructive
================================================================================
Makespan: 3272
Execution Time: 69.87 ms
Best Schedule:
  [34, 22, 10, 49, 43, 48, 46, 26, 41, 11, 6, 13, 33, 37, 24, 30, 14, 4, 31, 42, 28, 44, 17, 40, 19, 9, 35, 45, 18, 0, 20, 23, 3, 7, 5, 38, 8, 16, 15, 1, 29, 12, 39, 32, 2, 21, 25, 36, 47, 27]
--------------------------------------------------------------------------------
Running Local Search...

================================================================================
Metaheuristic: Local Search
================================================================================
Makespan: 3005
Execution Time: 468.96 ms
Best Schedule:
  [34, 48, 41, 49, 19, 11, 6, 18, 33, 37, 40, 24, 10, 30, 17, 23, 29, 9, 36, 46, 32, 27, 4, 8, 35, 14, 42, 31, 25, 2, 15, 28, 45, 7, 3, 38, 5, 43, 21, 39, 20, 12, 16, 22, 44, 0, 1, 13, 26, 47]
--------------------------------------------------------------------------------
Running Iterated Local Search...

================================================================================
Metaheuristic: Iterated Local Search
================================================================================
Makespan: 2945
Execution Time: 7.259 s
Best Schedule:
  [34, 48, 33, 22, 27, 11, 19, 46, 32, 20, 5, 18, 7, 21, 30, 36, 17, 43, 49, 35, 40, 23, 2, 8, 38, 16, 41, 0, 31, 9, 37, 6, 14, 44, 10, 39, 4, 25, 28, 15, 3, 24, 45, 13, 42, 26, 29, 12, 1, 47]
--------------------------------------------------------------------------------
Running Simulated Annealing...

================================================================================
Metaheuristic: Simulated Annealing
================================================================================
Makespan: 3124
Execution Time: 14.74 ms
Best Schedule:
  [48, 23, 41, 18, 34, 11, 5, 1, 19, 49, 25, 16, 9, 37, 27, 36, 0, 45, 22, 2, 8, 43, 35, 6, 31, 32, 20, 38, 24, 29, 17, 28, 3, 46, 7, 13, 14, 15, 47, 10, 21, 44, 30, 40, 26, 33, 4, 12, 39, 42]
--------------------------------------------------------------------------------
Running Tabu Search...

================================================================================
Metaheuristic: Tabu Search
================================================================================
Makespan: 3092
Execution Time: 17.683 s
Best Schedule:
  [34, 48, 33, 36, 0, 9, 37, 45, 20, 46, 16, 41, 11, 21, 32, 6, 17, 28, 30, 12, 25, 3, 26, 23, 40, 27, 47, 15, 14, 13, 2, 18, 10, 49, 22, 35, 19, 8, 5, 31, 39, 44, 7, 38, 43, 24, 4, 29, 1, 42]
--------------------------------------------------------------------------------
Running Genetic Algorithm...

================================================================================
Metaheuristic: Genetic Algorithm
================================================================================
Makespan: 3700
Execution Time: 465.30 ms
Best Schedule:
  [43, 3, 31, 15, 36, 0, 44, 37, 16, 25, 18, 34, 20, 4, 8, 33, 2, 48, 19, 5, 26, 45, 9, 22, 12, 11, 14, 1, 41, 6, 47, 24, 28, 49, 21, 7, 29, 38, 23, 17, 35, 27, 40, 13, 32, 42, 10, 46, 30, 39]
--------------------------------------------------------------------------------
Running Ant Colony Optimization...

================================================================================
Metaheuristic: Ant Colony Optimization
================================================================================
Makespan: 3366
Execution Time: 817.80 ms
Best Schedule:
  [0, 23, 45, 21, 2, 34, 32, 48, 27, 22, 9, 49, 10, 43, 13, 37, 17, 14, 24, 4, 44, 30, 8, 16, 25, 11, 40, 36, 28, 33, 5, 3, 19, 38, 20, 18, 35, 15, 7, 12, 39, 29, 1, 31, 42, 26, 6, 41, 47, 46]
--------------------------------------------------------------------------------
--------------------------------------------------------------------------------
Best overall solution: Iterated Local Search with makespan 2945
Program completed successfully.

=======================================================
Total execution time:  seconds
=======================================================
