=======================================================
Running metaheuristics on 50_20_1.txt
=======================================================

Starting program...
Loading problem from file: data/50_20_1.txt
Problem size: 50 jobs, 20 machines
--------------------------------------------------------------------------------
                   Method |   Makespan |            Time | 
--------------------------------------------------------------------------------
Running Constructive...

================================================================================
Metaheuristic: Constructive
================================================================================
Makespan: 4200
Execution Time: 94.53 ms
Best Schedule:
  [34, 19, 14, 12, 49, 23, 44, 7, 37, 16, 13, 4, 9, 28, 38, 32, 45, 30, 1, 25, 46, 35, 33, 5, 11, 48, 21, 43, 24, 36, 6, 39, 17, 42, 41, 2, 3, 31, 0, 29, 40, 15, 26, 18, 47, 20, 22, 8, 27, 10]
--------------------------------------------------------------------------------
Running Local Search...

================================================================================
Metaheuristic: Local Search
================================================================================
Makespan: 4004
Execution Time: 743.17 ms
Best Schedule:
  [42, 30, 14, 26, 4, 13, 38, 34, 28, 46, 19, 12, 33, 16, 47, 41, 0, 35, 1, 32, 6, 36, 7, 20, 29, 21, 9, 18, 25, 44, 17, 45, 23, 22, 10, 27, 15, 48, 40, 31, 37, 11, 8, 5, 2, 39, 3, 43, 24, 49]
--------------------------------------------------------------------------------
Running Iterated Local Search...

================================================================================
Metaheuristic: Iterated Local Search
================================================================================
Makespan: 3986
Execution Time: 16.700 s
Best Schedule:
  [34, 16, 30, 14, 46, 42, 0, 33, 27, 5, 36, 38, 29, 23, 15, 1, 35, 19, 10, 44, 26, 22, 28, 41, 4, 7, 43, 9, 6, 32, 17, 18, 21, 25, 12, 45, 11, 13, 31, 37, 3, 24, 47, 49, 20, 48, 39, 8, 40, 2]
--------------------------------------------------------------------------------
Running Simulated Annealing...

================================================================================
Metaheuristic: Simulated Annealing
================================================================================
Makespan: 4235
Execution Time: 30.05 ms
Best Schedule:
  [14, 9, 19, 16, 43, 34, 20, 22, 35, 7, 0, 44, 36, 13, 21, 37, 32, 11, 27, 5, 41, 18, 15, 25, 6, 30, 12, 4, 39, 49, 10, 45, 1, 38, 29, 33, 47, 48, 46, 31, 8, 23, 28, 42, 40, 24, 26, 3, 17, 2]
--------------------------------------------------------------------------------
Running Tabu Search...

================================================================================
Metaheuristic: Tabu Search
================================================================================
Makespan: 4114
Execution Time: 35.432 s
Best Schedule:
  [14, 19, 5, 28, 11, 44, 13, 34, 46, 26, 20, 42, 10, 30, 35, 33, 7, 6, 1, 12, 27, 31, 32, 9, 16, 36, 0, 38, 25, 22, 17, 29, 37, 23, 49, 8, 41, 43, 4, 45, 40, 15, 3, 47, 48, 39, 18, 21, 24, 2]
--------------------------------------------------------------------------------
Running Genetic Algorithm...

================================================================================
Metaheuristic: Genetic Algorithm
================================================================================
Makespan: 4807
Execution Time: 575.00 ms
Best Schedule:
  [11, 4, 30, 29, 8, 31, 40, 22, 32, 19, 13, 9, 6, 45, 16, 26, 15, 33, 2, 49, 0, 3, 12, 25, 24, 39, 36, 28, 41, 23, 35, 17, 46, 20, 10, 1, 7, 34, 42, 48, 5, 44, 27, 37, 43, 38, 47, 14, 18, 21]
--------------------------------------------------------------------------------
Running Ant Colony Optimization...

================================================================================
Metaheuristic: Ant Colony Optimization
================================================================================
Makespan: 4532
Execution Time: 1.127 s
Best Schedule:
  [10, 19, 27, 48, 28, 26, 11, 35, 16, 4, 20, 13, 23, 5, 9, 45, 47, 41, 17, 6, 2, 37, 29, 30, 32, 18, 25, 40, 31, 38, 46, 34, 3, 33, 1, 49, 39, 44, 43, 42, 12, 7, 36, 24, 0, 15, 22, 21, 14, 8]
--------------------------------------------------------------------------------
--------------------------------------------------------------------------------
Best overall solution: Iterated Local Search with makespan 3986
Program completed successfully.

=======================================================
Total execution time:  seconds
=======================================================
