=======================================================
Running metaheuristics on 50_20_2.txt
=======================================================

Starting program...
Loading problem from file: data/50_20_2.txt
Problem size: 50 jobs, 20 machines
--------------------------------------------------------------------------------
                   Method |   Makespan |            Time | 
--------------------------------------------------------------------------------
Running Constructive...

================================================================================
Metaheuristic: Constructive
================================================================================
Makespan: 4102
Execution Time: 117.77 ms
Best Schedule:
  [47, 36, 40, 32, 41, 21, 6, 46, 44, 17, 38, 19, 8, 48, 24, 31, 35, 2, 43, 34, 28, 37, 42, 1, 45, 27, 0, 49, 9, 4, 14, 16, 13, 29, 23, 26, 10, 5, 7, 15, 22, 20, 25, 12, 11, 30, 39, 3, 33, 18]
--------------------------------------------------------------------------------
Running Local Search...

================================================================================
Metaheuristic: Local Search
================================================================================
Makespan: 3900
Execution Time: 903.58 ms
Best Schedule:
  [47, 40, 44, 17, 42, 31, 38, 41, 10, 36, 19, 22, 35, 13, 11, 3, 39, 46, 18, 12, 16, 0, 28, 33, 49, 27, 34, 14, 4, 9, 43, 5, 20, 25, 7, 23, 26, 48, 24, 1, 29, 15, 45, 30, 37, 2, 8, 21, 6, 32]
--------------------------------------------------------------------------------
Running Iterated Local Search...

================================================================================
Metaheuristic: Iterated Local Search
================================================================================
Makespan: 3803
Execution Time: 15.305 s
Best Schedule:
  [32, 19, 31, 42, 40, 44, 15, 17, 28, 49, 16, 20, 0, 35, 46, 12, 36, 4, 11, 37, 2, 38, 30, 33, 10, 6, 48, 24, 14, 9, 13, 18, 1, 27, 41, 43, 47, 23, 34, 3, 22, 29, 5, 7, 25, 8, 21, 39, 45, 26]
--------------------------------------------------------------------------------
Running Simulated Annealing...

================================================================================
Metaheuristic: Simulated Annealing
================================================================================
Makespan: 4094
Execution Time: 30.03 ms
Best Schedule:
  [19, 47, 5, 40, 20, 44, 38, 42, 23, 30, 0, 37, 49, 27, 24, 12, 36, 26, 3, 10, 48, 31, 43, 17, 35, 46, 11, 41, 28, 13, 16, 9, 2, 18, 39, 14, 22, 34, 15, 25, 4, 6, 1, 7, 21, 29, 45, 32, 33, 8]
--------------------------------------------------------------------------------
Running Tabu Search...

================================================================================
Metaheuristic: Tabu Search
================================================================================
Makespan: 3918
Execution Time: 35.685 s
Best Schedule:
  [19, 44, 17, 28, 13, 40, 42, 48, 16, 4, 29, 41, 49, 25, 5, 39, 38, 23, 18, 1, 14, 12, 30, 15, 46, 35, 10, 24, 33, 3, 36, 37, 0, 11, 45, 43, 32, 2, 31, 7, 21, 34, 27, 9, 20, 47, 22, 6, 26, 8]
--------------------------------------------------------------------------------
Running Genetic Algorithm...

================================================================================
Metaheuristic: Genetic Algorithm
================================================================================
Makespan: 4727
Execution Time: 609.31 ms
Best Schedule:
  [41, 18, 45, 7, 23, 12, 46, 29, 48, 9, 13, 0, 24, 42, 39, 19, 25, 10, 3, 17, 47, 30, 28, 14, 49, 2, 37, 1, 33, 5, 35, 15, 26, 8, 20, 11, 27, 4, 36, 32, 38, 16, 44, 40, 43, 31, 22, 6, 34, 21]
--------------------------------------------------------------------------------
Running Ant Colony Optimization...

================================================================================
Metaheuristic: Ant Colony Optimization
================================================================================
Makespan: 4396
Execution Time: 1.113 s
Best Schedule:
  [13, 47, 22, 41, 37, 38, 40, 17, 5, 24, 21, 2, 46, 15, 35, 28, 4, 8, 42, 16, 10, 3, 49, 23, 20, 12, 0, 9, 43, 11, 1, 14, 31, 7, 48, 30, 39, 18, 26, 44, 25, 34, 29, 45, 6, 19, 33, 36, 27, 32]
--------------------------------------------------------------------------------
--------------------------------------------------------------------------------
Best overall solution: Iterated Local Search with makespan 3803
Program completed successfully.

=======================================================
Total execution time:  seconds
=======================================================
